<?xml version="1.0" encoding="UTF-8"?>
<!-- Generated by org.testng.reporters.JUnitXMLReporter -->
<testsuite hostname="Exts-Rent-13" ignored="0" name="Default test" tests="3" failures="0" timestamp="04 Jan 2019 10:11:12 GMT" time="35.558" errors="0">
  <testcase name="Amazonloaunch" time="4.614" classname="com.test.BasicFlow"/>
  <testcase name="flipkart" time="6.419" classname="com.test.BasicFlow"/>
  <testcase name="myntra" time="4.724" classname="com.test.BasicFlow"/>
</testsuite> <!-- Default test -->
